[0.588s] Invoking command in '/home/mael/ros2_ws/build/moveit_servo_baxter': CMAKE_PREFIX_PATH=${CMAKE_PREFIX_PATH}:/home/mael/ros2_ws/install/ros_tcp_endpoint:/home/mael/ros2_ws/install/baxter_joint_controller:/home/mael/ros2_ws/install/baxter_6dof_vr:/opt/ros/humble /usr/bin/cmake --build /home/mael/ros2_ws/build/moveit_servo_baxter -- -j8 -l8
[0.618s] -- Found moveit_common: 2.5.4 (/opt/ros/humble/share/moveit_common/cmake)
[0.618s] -- Found ament_cmake: 1.3.5 (/opt/ros/humble/share/ament_cmake/cmake)
[0.790s] -- Override CMake install command with custom implementation using symlinks instead of copying resources
[0.893s] -- Could NOT find libbfd (missing: LIBBFD_LIBRARY LIBBFD_INCLUDE_DIR) 
[0.893s] -- BACKWARD_HAS_UNWIND=1
[0.893s] -- BACKWARD_HAS_BACKTRACE=0
[0.893s] -- BACKWARD_HAS_BACKTRACE_SYMBOL=0
[0.893s] -- BACKWARD_HAS_DW=1
[0.893s] -- BACKWARD_HAS_BFD=0
[0.894s] -- Found Backward: /opt/ros/humble/share/backward_ros/cmake  
[0.894s] [0mmoveit_servo_baxter: You did not request a specific build type: Choosing 'Release' for maximum performance[0m
[0.894s] -- Found eigen3_cmake_module: 0.1.1 (/opt/ros/humble/share/eigen3_cmake_module/cmake)
[0.897s] -- Found generate_parameter_library: 0.3.3 (/opt/ros/humble/share/generate_parameter_library/cmake)
[0.898s] -- Found parameter_traits: 0.3.3 (/opt/ros/humble/share/parameter_traits/cmake)
[0.932s] -- Found rosidl_generator_c: 3.1.4 (/opt/ros/humble/share/rosidl_generator_c/cmake)
[0.935s] -- Found rosidl_adapter: 3.1.4 (/opt/ros/humble/share/rosidl_adapter/cmake)
[0.942s] -- Found rosidl_generator_cpp: 3.1.4 (/opt/ros/humble/share/rosidl_generator_cpp/cmake)
[0.957s] -- Using all available rosidl_typesupport_c: rosidl_typesupport_fastrtps_c;rosidl_typesupport_introspection_c
[0.975s] -- Using all available rosidl_typesupport_cpp: rosidl_typesupport_fastrtps_cpp;rosidl_typesupport_introspection_cpp
[1.058s] -- Found rmw_implementation_cmake: 6.1.1 (/opt/ros/humble/share/rmw_implementation_cmake/cmake)
[1.061s] -- Found rmw_fastrtps_cpp: 6.2.2 (/opt/ros/humble/share/rmw_fastrtps_cpp/cmake)
[1.283s] -- Using RMW implementation 'rmw_fastrtps_cpp' as default
[1.488s] -- Found rclcpp_lifecycle: 16.0.4 (/opt/ros/humble/share/rclcpp_lifecycle/cmake)
[1.546s] -- Found control_msgs: 4.4.0 (/opt/ros/humble/share/control_msgs/cmake)
[2.300s] -- Found control_toolbox: 3.1.0 (/opt/ros/humble/share/control_toolbox/cmake)
[2.378s] -- Found moveit_core: 2.5.4 (/opt/ros/humble/share/moveit_core/cmake)
[2.399s] -- Found Boost: /usr/lib/x86_64-linux-gnu/cmake/Boost-1.74.0/BoostConfig.cmake (found version "1.74.0") found components: chrono date_time filesystem iostreams program_options regex serialization system thread 
[2.415s] -- Found Boost: /usr/lib/x86_64-linux-gnu/cmake/Boost-1.74.0/BoostConfig.cmake (found version "1.74.0") found components: filesystem 
[2.465s] -- library: /usr/lib/x86_64-linux-gnu/libcurl.so
[2.851s] -- Ensuring Eigen3 include directory is part of orocos-kdl CMake target
[4.412s] -- Found moveit_ros_planning: 2.5.4 (/opt/ros/humble/share/moveit_ros_planning/cmake)
[4.413s] -- Found Boost: /usr/lib/x86_64-linux-gnu/cmake/Boost-1.74.0/BoostConfig.cmake (found version "1.74.0") found components: system filesystem date_time program_options thread chrono 
[4.968s] -- Found std_srvs: 4.2.3 (/opt/ros/humble/share/std_srvs/cmake)
[5.450s] -- Configuring done
[6.001s] -- Generating done
[6.297s] -- Build files have been written to: /home/mael/ros2_ws/build/moveit_servo_baxter
[6.334s] [35m[1mConsolidate compiler generated dependencies of target servo_controller_input[0m
[6.335s] [35m[1mConsolidate compiler generated dependencies of target fake_command_publisher[0m
[6.344s] [  5%] Built target moveit_servo_lib_parameters
[6.365s] [35m[1mConsolidate compiler generated dependencies of target moveit_servo_lib[0m
[6.391s] [ 15%] Built target servo_controller_input
[6.478s] [ 40%] Built target moveit_servo_lib
[6.491s] [35m[1mConsolidate compiler generated dependencies of target servo_node[0m
[6.492s] [35m[1mConsolidate compiler generated dependencies of target pose_tracking[0m
[6.564s] [ 50%] Built target fake_command_publisher
[6.681s] [ 60%] Built target servo_node
[6.693s] [35m[1mConsolidate compiler generated dependencies of target servo_node_main[0m
[6.766s] [ 70%] Built target pose_tracking
[6.781s] [35m[1mConsolidate compiler generated dependencies of target servo_pose_tracking_demo[0m
[6.789s] [ 75%] [32mBuilding CXX object CMakeFiles/servo_pose_tracking.dir/src/pose_tracking.cpp.o[0m
[6.846s] [ 85%] Built target servo_pose_tracking_demo
[6.922s] [ 95%] Built target servo_node_main
[29.031s] [100%] [32m[1mLinking CXX executable servo_pose_tracking[0m
[29.428s] /usr/bin/ld: /usr/lib/gcc/x86_64-linux-gnu/11/../../../x86_64-linux-gnu/Scrt1.o: in function `_start':
[29.429s] (.text+0x1b): undefined reference to `main'
[29.456s] collect2: error: ld returned 1 exit status
[29.457s] gmake[2]: *** [CMakeFiles/servo_pose_tracking.dir/build.make:367: servo_pose_tracking] Error 1
[29.457s] gmake[1]: *** [CMakeFiles/Makefile2:343: CMakeFiles/servo_pose_tracking.dir/all] Error 2
[29.458s] gmake: *** [Makefile:146: all] Error 2
[29.460s] Invoked command in '/home/mael/ros2_ws/build/moveit_servo_baxter' returned '2': CMAKE_PREFIX_PATH=${CMAKE_PREFIX_PATH}:/home/mael/ros2_ws/install/ros_tcp_endpoint:/home/mael/ros2_ws/install/baxter_joint_controller:/home/mael/ros2_ws/install/baxter_6dof_vr:/opt/ros/humble /usr/bin/cmake --build /home/mael/ros2_ws/build/moveit_servo_baxter -- -j8 -l8
